{
  "level": "info",
  "msg": "Запуск сервера",
  "port": "8080",
  "time": "2025-05-30T20:40:53Z"
}
{
  "client_ip": "172.19.0.1",
  "errors": "",
  "hostname": "b725699f0153",
  "latency": 1,
  "level": "info",
  "method": "GET",
  "msg": "GET /api/books 200 1.074592ms",
  "path": "/api/books",
  "status": 200,
  "time": "2025-05-30T20:41:18Z"
}
{
  "client_ip": "172.19.0.1",
  "errors": "",
  "hostname": "b725699f0153",
  "latency": 1,
  "level": "info",
  "method": "GET",
  "msg": "GET /api/books 200 1.032006ms",
  "path": "/api/books",
  "status": 200,
  "time": "2025-05-30T20:41:18Z"
}
{
  "client_ip": "172.19.0.1",
  "errors": "",
  "hostname": "b725699f0153",
  "latency": 1,
  "level": "info",
  "method": "GET",
  "msg": "GET /api/books 200 651.682µs",
  "path": "/api/books",
  "status": 200,
  "time": "2025-05-30T20:41:18Z"
}
{
  "level": "info",
  "msg": "Запуск сервера",
  "port": "8080",
  "time": "2025-05-30T23:44:58+03:00"
}
{
  "client_ip": "::1",
  "errors": "",
  "hostname": "Caesar",
  "latency": 1,
  "level": "info",
  "method": "GET",
  "msg": "GET /api/books 200 681.4µs",
  "path": "/api/books",
  "status": 200,
  "time": "2025-05-30T23:45:15+03:00"
}
{
  "client_ip": "::1",
  "errors": "",
  "hostname": "Caesar",
  "latency": 0,
  "level": "info",
  "method": "GET",
  "msg": "GET /api/books 200 0s",
  "path": "/api/books",
  "status": 200,
  "time": "2025-05-30T23:45:15+03:00"
}
{
  "client_ip": "::1",
  "errors": "",
  "hostname": "Caesar",
  "latency": 0,
  "level": "info",
  "method": "GET",
  "msg": "GET /api/books 200 0s",
  "path": "/api/books",
  "status": 200,
  "time": "2025-05-30T23:45:15+03:00"
}
{
  "level": "info",
  "msg": "Запуск сервера",
  "port": "8080",
  "time": "2025-05-30T23:51:20+03:00"
}
{
  "level": "info",
  "msg": "Запуск сервера",
  "port": "8080",
  "time": "2025-05-30T20:54:36Z"
}
{
  "client_ip": "172.19.0.1",
  "errors": "",
  "hostname": "30a29ecd59d4",
  "latency": 0,
  "level": "warning",
  "method": "GET",
  "msg": "GET / 404 3.159µs",
  "path": "/",
  "status": 404,
  "time": "2025-05-30T20:54:54Z"
}
{
  "client_ip": "172.19.0.1",
  "errors": "",
  "hostname": "30a29ecd59d4",
  "latency": 0,
  "level": "warning",
  "method": "GET",
  "msg": "GET /favicon.ico 404 2.833µs",
  "path": "/favicon.ico",
  "status": 404,
  "time": "2025-05-30T20:54:54Z"
}
{
  "client_ip": "172.19.0.1",
  "errors": "",
  "hostname": "30a29ecd59d4",
  "latency": 0,
  "level": "warning",
  "method": "GET",
  "msg": "GET / 404 2.399µs",
  "path": "/",
  "status": 404,
  "time": "2025-05-30T20:55:00Z"
}
{
  "level": "info",
  "msg": "Запуск сервера",
  "port": "8080",
  "time": "2025-05-31T00:03:07+03:00"
}
{
  "client_ip": "::1",
  "errors": "",
  "hostname": "Caesar",
  "latency": 0,
  "level": "warning",
  "method": "GET",
  "msg": "GET /api/protected 401 0s",
  "path": "/api/protected",
  "status": 401,
  "time": "2025-05-31T00:03:36+03:00"
}
{
  "client_ip": "::1",
  "errors": "",
  "hostname": "Caesar",
  "latency": 0,
  "level": "warning",
  "method": "POST",
  "msg": "POST /api/user 404 0s",
  "path": "/api/user",
  "status": 404,
  "time": "2025-05-31T00:04:53+03:00"
}
{
  "client_ip": "::1",
  "errors": "",
  "hostname": "Caesar",
  "latency": 0,
  "level": "warning",
  "method": "POST",
  "msg": "POST /api/user 404 0s",
  "path": "/api/user",
  "status": 404,
  "time": "2025-05-31T00:05:50+03:00"
}
{
  "level": "info",
  "msg": "Запуск сервера",
  "port": "8080",
  "time": "2025-05-31T00:06:20+03:00"
}
{
  "client_ip": "::1",
  "errors": "",
  "hostname": "Caesar",
  "latency": 8,
  "level": "info",
  "method": "POST",
  "msg": "POST /api/user 201 8.4077ms",
  "path": "/api/user",
  "status": 201,
  "time": "2025-05-31T00:06:29+03:00"
}
{
  "level": "info",
  "msg": "Запуск сервера",
  "port": "8080",
  "time": "2025-05-31T00:07:12+03:00"
}
{
  "client_ip": "::1",
  "errors": "",
  "hostname": "Caesar",
  "latency": 69,
  "level": "error",
  "method": "POST",
  "msg": "POST /api/user 500 69.4844ms",
  "path": "/api/user",
  "status": 500,
  "time": "2025-05-31T00:07:16+03:00"
}
{
  "client_ip": "::1",
  "errors": "",
  "hostname": "Caesar",
  "latency": 65,
  "level": "info",
  "method": "POST",
  "msg": "POST /api/user 201 64.5453ms",
  "path": "/api/user",
  "status": 201,
  "time": "2025-05-31T00:08:16+03:00"
}
{
  "level": "info",
  "msg": "Запуск сервера",
  "port": "8080",
  "time": "2025-05-31T00:13:26+03:00"
}
{
  "level": "info",
  "msg": "Запуск сервера",
  "port": "8080",
  "time": "2025-05-31T00:13:57+03:00"
}
{
  "client_ip": "::1",
  "errors": "",
  "hostname": "Caesar",
  "latency": 3,
  "level": "warning",
  "method": "POST",
  "msg": "POST /api/login 401 3.4519ms",
  "path": "/api/login",
  "status": 401,
  "time": "2025-05-31T00:14:53+03:00"
}
{
  "client_ip": "::1",
  "errors": "",
  "hostname": "Caesar",
  "latency": 1,
  "level": "warning",
  "method": "POST",
  "msg": "POST /api/login 401 664.2µs",
  "path": "/api/login",
  "status": 401,
  "time": "2025-05-31T00:15:03+03:00"
}
{
  "level": "info",
  "msg": "Запуск сервера",
  "port": "8080",
  "time": "2025-05-31T00:15:35+03:00"
}
{
  "client_ip": "::1",
  "errors": "",
  "hostname": "Caesar",
  "latency": 1,
  "level": "warning",
  "method": "POST",
  "msg": "POST /api/login 401 1.2589ms",
  "path": "/api/login",
  "status": 401,
  "time": "2025-05-31T00:15:50+03:00"
}
{
  "level": "info",
  "msg": "Запуск сервера",
  "port": "8080",
  "time": "2025-05-31T00:16:07+03:00"
}
{
  "client_ip": "::1",
  "errors": "",
  "hostname": "Caesar",
  "latency": 2,
  "level": "warning",
  "method": "POST",
  "msg": "POST /api/login 401 1.5552ms",
  "path": "/api/login",
  "status": 401,
  "time": "2025-05-31T00:16:12+03:00"
}
{
  "level": "info",
  "msg": "Запуск сервера",
  "port": "8080",
  "time": "2025-05-31T00:16:52+03:00"
}
{
  "client_ip": "::1",
  "errors": "",
  "hostname": "Caesar",
  "latency": 2,
  "level": "warning",
  "method": "POST",
  "msg": "POST /api/login 401 1.6054ms",
  "path": "/api/login",
  "status": 401,
  "time": "2025-05-31T00:16:56+03:00"
}
{
  "client_ip": "::1",
  "errors": "",
  "hostname": "Caesar",
  "latency": 1,
  "level": "warning",
  "method": "POST",
  "msg": "POST /api/login?username=testuser\u0026password=B2e0r0s4 401 832.7µs",
  "path": "/api/login?username=testuser\u0026password=B2e0r0s4",
  "status": 401,
  "time": "2025-05-31T00:17:54+03:00"
}
{
  "level": "info",
  "msg": "Запуск сервера",
  "port": "8080",
  "time": "2025-05-31T00:20:42+03:00"
}
{
  "client_ip": "::1",
  "errors": "",
  "hostname": "Caesar",
  "latency": 62,
  "level": "info",
  "method": "POST",
  "msg": "POST /api/login?username=testuser\u0026password=B2e0r0s4 200 61.5357ms",
  "path": "/api/login?username=testuser\u0026password=B2e0r0s4",
  "status": 200,
  "time": "2025-05-31T00:20:46+03:00"
}
{
  "client_ip": "::1",
  "errors": "",
  "hostname": "Caesar",
  "latency": 65,
  "level": "info",
  "method": "POST",
  "msg": "POST /api/login 200 65.4527ms",
  "path": "/api/login",
  "status": 200,
  "time": "2025-05-31T00:20:51+03:00"
}
{
  "client_ip": "::1",
  "errors": "",
  "hostname": "Caesar",
  "latency": 0,
  "level": "warning",
  "method": "POST",
  "msg": "POST /api/protected 404 0s",
  "path": "/api/protected",
  "status": 404,
  "time": "2025-05-31T00:21:51+03:00"
}
{
  "client_ip": "::1",
  "errors": "",
  "hostname": "Caesar",
  "latency": 0,
  "level": "warning",
  "method": "GET",
  "msg": "GET /api/protected 401 0s",
  "path": "/api/protected",
  "status": 401,
  "time": "2025-05-31T00:21:54+03:00"
}
{
  "client_ip": "::1",
  "errors": "",
  "hostname": "Caesar",
  "latency": 0,
  "level": "warning",
  "method": "GET",
  "msg": "GET /api/protected 401 0s",
  "path": "/api/protected",
  "status": 401,
  "time": "2025-05-31T00:22:42+03:00"
}
{
  "level": "info",
  "msg": "Запуск сервера",
  "port": "8080",
  "time": "2025-05-31T00:23:02+03:00"
}
{
  "client_ip": "::1",
  "errors": "",
  "hostname": "Caesar",
  "latency": 1,
  "level": "warning",
  "method": "GET",
  "msg": "GET /api/protected 401 535.1µs",
  "path": "/api/protected",
  "status": 401,
  "time": "2025-05-31T00:23:06+03:00"
}
{
  "level": "info",
  "msg": "Запуск сервера",
  "port": "8080",
  "time": "2025-05-31T00:27:47+03:00"
}
{
  "client_ip": "::1",
  "errors": "",
  "hostname": "Caesar",
  "latency": 60,
  "level": "info",
  "method": "POST",
  "msg": "POST /api/login 200 60.1336ms",
  "path": "/api/login",
  "status": 200,
  "time": "2025-05-31T00:27:52+03:00"
}
{
  "client_ip": "::1",
  "errors": "",
  "hostname": "Caesar",
  "latency": 0,
  "level": "info",
  "method": "GET",
  "msg": "GET /api/protected 200 0s",
  "path": "/api/protected",
  "status": 200,
  "time": "2025-05-31T00:27:58+03:00"
}
{
  "level": "info",
  "msg": "Запуск сервера",
  "port": "8080",
  "time": "2025-05-31T00:36:41+03:00"
}
{
  "client_ip": "::1",
  "errors": "",
  "hostname": "Caesar",
  "latency": 6,
  "level": "error",
  "method": "POST",
  "msg": "POST /api/user 500 5.6662ms",
  "path": "/api/user",
  "status": 500,
  "time": "2025-05-31T00:36:50+03:00"
}
{
  "client_ip": "::1",
  "errors": "",
  "hostname": "Caesar",
  "latency": 1,
  "level": "error",
  "method": "POST",
  "msg": "POST /api/user 500 1.1011ms",
  "path": "/api/user",
  "status": 500,
  "time": "2025-05-31T00:36:56+03:00"
}
{
  "client_ip": "::1",
  "errors": "",
  "hostname": "Caesar",
  "latency": 1,
  "level": "error",
  "method": "POST",
  "msg": "POST /api/user 500 1.0375ms",
  "path": "/api/user",
  "status": 500,
  "time": "2025-05-31T00:37:23+03:00"
}
{
  "client_ip": "::1",
  "errors": "",
  "hostname": "Caesar",
  "latency": 2,
  "level": "info",
  "method": "POST",
  "msg": "POST /api/user 201 2.088ms",
  "path": "/api/user",
  "status": 201,
  "time": "2025-05-31T00:37:25+03:00"
}
{
  "client_ip": "::1",
  "errors": "",
  "hostname": "Caesar",
  "latency": 62,
  "level": "error",
  "method": "POST",
  "msg": "POST /api/user 500 62.3637ms",
  "path": "/api/user",
  "status": 500,
  "time": "2025-05-31T00:37:53+03:00"
}
{
  "client_ip": "::1",
  "errors": "",
  "hostname": "Caesar",
  "latency": 62,
  "level": "error",
  "method": "POST",
  "msg": "POST /api/user 500 62.0132ms",
  "path": "/api/user",
  "status": 500,
  "time": "2025-05-31T00:38:02+03:00"
}
{
  "client_ip": "::1",
  "errors": "",
  "hostname": "Caesar",
  "latency": 63,
  "level": "info",
  "method": "POST",
  "msg": "POST /api/user 201 62.8771ms",
  "path": "/api/user",
  "status": 201,
  "time": "2025-05-31T00:38:05+03:00"
}
{
  "level": "info",
  "msg": "Запуск сервера",
  "port": "8080",
  "time": "2025-05-31T00:40:22+03:00"
}
{
  "client_ip": "::1",
  "errors": "",
  "hostname": "Caesar",
  "latency": 0,
  "level": "error",
  "method": "POST",
  "msg": "POST /api/user 500 0s",
  "path": "/api/user",
  "status": 500,
  "time": "2025-05-31T00:40:37+03:00"
}
{
  "client_ip": "::1",
  "errors": "",
  "hostname": "Caesar",
  "latency": 65,
  "level": "info",
  "method": "POST",
  "msg": "POST /api/user 201 64.896ms",
  "path": "/api/user",
  "status": 201,
  "time": "2025-05-31T00:40:46+03:00"
}
{
  "level": "info",
  "msg": "Запуск сервера",
  "port": "8080",
  "time": "2025-05-31T00:54:44+03:00"
}
{
  "client_ip": "::1",
  "errors": "",
  "hostname": "Caesar",
  "latency": 1,
  "level": "warning",
  "method": "POST",
  "msg": "POST /api/user 400 507.1µs",
  "path": "/api/user",
  "status": 400,
  "time": "2025-05-31T00:54:51+03:00"
}
{
  "client_ip": "::1",
  "errors": "",
  "hostname": "Caesar",
  "latency": 0,
  "level": "warning",
  "method": "POST",
  "msg": "POST /api/user 400 0s",
  "path": "/api/user",
  "status": 400,
  "time": "2025-05-31T00:54:55+03:00"
}
{
  "level": "info",
  "msg": "Запуск сервера",
  "port": "8080",
  "time": "2025-05-31T00:57:53+03:00"
}
{
  "client_ip": "::1",
  "errors": "",
  "hostname": "Caesar",
  "latency": 0,
  "level": "warning",
  "method": "POST",
  "msg": "POST /api/user 400 0s",
  "path": "/api/user",
  "status": 400,
  "time": "2025-05-31T00:58:01+03:00"
}
{
  "client_ip": "::1",
  "errors": "",
  "hostname": "Caesar",
  "latency": 0,
  "level": "warning",
  "method": "POST",
  "msg": "POST /api/user 400 0s",
  "path": "/api/user",
  "status": 400,
  "time": "2025-05-31T00:58:04+03:00"
}
{
  "client_ip": "::1",
  "errors": "",
  "hostname": "Caesar",
  "latency": 67,
  "level": "info",
  "method": "POST",
  "msg": "POST /api/user 201 66.8948ms",
  "path": "/api/user",
  "status": 201,
  "time": "2025-05-31T00:58:07+03:00"
}
{
  "level": "info",
  "msg": "Запуск сервера",
  "port": "8080",
  "time": "2025-05-31T00:59:30+03:00"
}
{
  "client_ip": "::1",
  "errors": "",
  "hostname": "Caesar",
  "latency": 63,
  "level": "info",
  "method": "POST",
  "msg": "POST /api/login 200 62.8161ms",
  "path": "/api/login",
  "status": 200,
  "time": "2025-05-31T00:59:43+03:00"
}
{
  "client_ip": "::1",
  "errors": "",
  "hostname": "Caesar",
  "latency": 0,
  "level": "info",
  "method": "GET",
  "msg": "GET /api/protected 200 0s",
  "path": "/api/protected",
  "status": 200,
  "time": "2025-05-31T00:59:54+03:00"
}
{
  "client_ip": "::1",
  "errors": "",
  "hostname": "Caesar",
  "latency": 0,
  "level": "warning",
  "method": "POST",
  "msg": "POST /api/user 400 0s",
  "path": "/api/user",
  "status": 400,
  "time": "2025-05-31T01:00:15+03:00"
}
{
  "client_ip": "::1",
  "errors": "",
  "hostname": "Caesar",
  "latency": 63,
  "level": "info",
  "method": "POST",
  "msg": "POST /api/user 201 63.1867ms",
  "path": "/api/user",
  "status": 201,
  "time": "2025-05-31T01:00:59+03:00"
}
{
  "client_ip": "::1",
  "errors": "",
  "hostname": "Caesar",
  "latency": 61,
  "level": "warning",
  "method": "POST",
  "msg": "POST /api/login 401 60.5019ms",
  "path": "/api/login",
  "status": 401,
  "time": "2025-05-31T01:01:33+03:00"
}
{
  "client_ip": "::1",
  "errors": "",
  "hostname": "Caesar",
  "latency": 62,
  "level": "info",
  "method": "POST",
  "msg": "POST /api/login 200 61.9758ms",
  "path": "/api/login",
  "status": 200,
  "time": "2025-05-31T01:01:46+03:00"
}
{
  "client_ip": "::1",
  "errors": "",
  "hostname": "Caesar",
  "latency": 0,
  "level": "info",
  "method": "GET",
  "msg": "GET /api/protected 200 0s",
  "path": "/api/protected",
  "status": 200,
  "time": "2025-05-31T01:02:17+03:00"
}
{
  "client_ip": "::1",
  "errors": "",
  "hostname": "Caesar",
  "latency": 0,
  "level": "warning",
  "method": "GET",
  "msg": "GET /api/protected 401 0s",
  "path": "/api/protected",
  "status": 401,
  "time": "2025-05-31T01:02:57+03:00"
}
{
  "level": "info",
  "msg": "Запуск сервера",
  "port": "8080",
  "time": "2025-05-31T06:38:15Z"
}
{
  "level": "info",
  "msg": "Запуск сервера",
  "port": "8080",
  "time": "2025-05-31T07:01:37Z"
}
{
  "level": "info",
  "msg": "Запуск сервера",
  "port": "8080",
  "time": "2025-05-31T07:03:31Z"
}
{
  "level": "info",
  "msg": "Запуск сервера",
  "port": "8080",
  "time": "2025-06-04T03:56:20Z"
}
{
  "level": "info",
  "msg": "Запуск сервера",
  "port": "8080",
  "time": "2025-06-06T22:26:36Z"
}
{
  "level": "info",
  "msg": "Запуск сервера",
  "port": "8080",
  "time": "2025-06-06T22:29:23Z"
}
{
  "client_ip": "172.19.0.1",
  "errors": "",
  "hostname": "b6d1ce4e8264",
  "latency": 0,
  "level": "warning",
  "method": "GET",
  "msg": "GET / 404 1.998µs",
  "path": "/",
  "status": 404,
  "time": "2025-06-06T22:29:43Z"
}
{
  "client_ip": "172.19.0.1",
  "errors": "",
  "hostname": "b6d1ce4e8264",
  "latency": 0,
  "level": "warning",
  "method": "GET",
  "msg": "GET /favicon.ico 404 1.595µs",
  "path": "/favicon.ico",
  "status": 404,
  "time": "2025-06-06T22:29:44Z"
}
{
  "level": "info",
  "msg": "Запуск сервера",
  "port": "8080",
  "time": "2025-06-06T22:31:55Z"
}
{
  "level": "info",
  "msg": "Запуск сервера",
  "port": "8080",
  "time": "2025-06-06T22:31:55Z"
}
{
  "level": "info",
  "msg": "Запуск сервера",
  "port": "8080",
  "time": "2025-06-06T22:31:55Z"
}
{
  "client_ip": "172.19.0.1",
  "errors": "",
  "hostname": "376a2195d4cc",
  "latency": 0,
  "level": "warning",
  "method": "GET",
  "msg": "GET / 404 1.715µs",
  "path": "/",
  "status": 404,
  "time": "2025-06-06T22:32:08Z"
}
{
  "client_ip": "172.19.0.1",
  "errors": "",
  "hostname": "cb7b698423e2",
  "latency": 0,
  "level": "warning",
  "method": "GET",
  "msg": "GET /favicon.ico 404 1.889µs",
  "path": "/favicon.ico",
  "status": 404,
  "time": "2025-06-06T22:32:08Z"
}
{
  "client_ip": "172.19.0.1",
  "errors": "",
  "hostname": "15eb066866b4",
  "latency": 2,
  "level": "info",
  "method": "GET",
  "msg": "GET /swagger/index.html 200 2.019583ms",
  "path": "/swagger/index.html",
  "status": 200,
  "time": "2025-06-06T22:32:09Z"
}
{
  "client_ip": "172.19.0.1",
  "errors": "",
  "hostname": "376a2195d4cc",
  "latency": 1,
  "level": "info",
  "method": "GET",
  "msg": "GET /swagger/swagger-ui.css 200 1.111877ms",
  "path": "/swagger/swagger-ui.css",
  "status": 200,
  "time": "2025-06-06T22:32:09Z"
}
{
  "client_ip": "172.19.0.1",
  "errors": "",
  "hostname": "cb7b698423e2",
  "latency": 2,
  "level": "info",
  "method": "GET",
  "msg": "GET /swagger/swagger-ui-bundle.js 200 2.323602ms",
  "path": "/swagger/swagger-ui-bundle.js",
  "status": 200,
  "time": "2025-06-06T22:32:09Z"
}
{
  "client_ip": "172.19.0.1",
  "errors": "",
  "hostname": "376a2195d4cc",
  "latency": 1,
  "level": "info",
  "method": "GET",
  "msg": "GET /swagger/swagger-ui-standalone-preset.js 200 1.18459ms",
  "path": "/swagger/swagger-ui-standalone-preset.js",
  "status": 200,
  "time": "2025-06-06T22:32:09Z"
}
{
  "client_ip": "172.19.0.1",
  "errors": "",
  "hostname": "cb7b698423e2",
  "latency": 0,
  "level": "info",
  "method": "GET",
  "msg": "GET /swagger/favicon-32x32.png 200 82.244µs",
  "path": "/swagger/favicon-32x32.png",
  "status": 200,
  "time": "2025-06-06T22:32:09Z"
}
{
  "client_ip": "172.19.0.1",
  "errors": "",
  "hostname": "15eb066866b4",
  "latency": 1,
  "level": "info",
  "method": "GET",
  "msg": "GET /swagger/doc.json 200 748.81µs",
  "path": "/swagger/doc.json",
  "status": 200,
  "time": "2025-06-06T22:32:09Z"
}
{
  "client_ip": "172.19.0.1",
  "errors": "",
  "hostname": "15eb066866b4",
  "latency": 0,
  "level": "info",
  "method": "GET",
  "msg": "GET /swagger/favicon-32x32.png 200 134.106µs",
  "path": "/swagger/favicon-32x32.png",
  "status": 200,
  "time": "2025-06-06T22:32:09Z"
}
{
  "level": "info",
  "msg": "Запуск сервера",
  "port": "8080",
  "time": "2025-06-06T22:35:28Z"
}
{
  "level": "info",
  "msg": "Запуск сервера",
  "port": "8080",
  "time": "2025-06-06T22:35:28Z"
}
{
  "level": "info",
  "msg": "Запуск сервера",
  "port": "8080",
  "time": "2025-06-06T22:35:28Z"
}
{
  "client_ip": "172.19.0.1",
  "errors": "",
  "hostname": "a1ab4df1bf55",
  "latency": 0,
  "level": "info",
  "method": "GET",
  "msg": "GET /swagger/index.html 200 253.124µs",
  "path": "/swagger/index.html",
  "status": 200,
  "time": "2025-06-06T22:35:39Z"
}
{
  "client_ip": "172.19.0.1",
  "errors": "",
  "hostname": "5715c152d9d2",
  "latency": 0,
  "level": "info",
  "method": "GET",
  "msg": "GET /swagger/swagger-ui.css 200 467.236µs",
  "path": "/swagger/swagger-ui.css",
  "status": 200,
  "time": "2025-06-06T22:35:39Z"
}
{
  "client_ip": "172.19.0.1",
  "errors": "",
  "hostname": "896687bcd1e1",
  "latency": 1,
  "level": "info",
  "method": "GET",
  "msg": "GET /swagger/swagger-ui-standalone-preset.js 200 658.425µs",
  "path": "/swagger/swagger-ui-standalone-preset.js",
  "status": 200,
  "time": "2025-06-06T22:35:39Z"
}
{
  "client_ip": "172.19.0.1",
  "errors": "",
  "hostname": "a1ab4df1bf55",
  "latency": 4,
  "level": "info",
  "method": "GET",
  "msg": "GET /swagger/swagger-ui-bundle.js 200 3.890408ms",
  "path": "/swagger/swagger-ui-bundle.js",
  "status": 200,
  "time": "2025-06-06T22:35:39Z"
}
{
  "client_ip": "172.19.0.1",
  "errors": "",
  "hostname": "5715c152d9d2",
  "latency": 0,
  "level": "info",
  "method": "GET",
  "msg": "GET /swagger/favicon-32x32.png 200 145.904µs",
  "path": "/swagger/favicon-32x32.png",
  "status": 200,
  "time": "2025-06-06T22:35:39Z"
}
{
  "client_ip": "172.19.0.1",
  "errors": "",
  "hostname": "896687bcd1e1",
  "latency": 0,
  "level": "info",
  "method": "GET",
  "msg": "GET /swagger/doc.json 200 335.573µs",
  "path": "/swagger/doc.json",
  "status": 200,
  "time": "2025-06-06T22:35:39Z"
}
{
  "client_ip": "172.19.0.1",
  "errors": "",
  "hostname": "a1ab4df1bf55",
  "latency": 0,
  "level": "info",
  "method": "GET",
  "msg": "GET /swagger/favicon-32x32.png 200 71.725µs",
  "path": "/swagger/favicon-32x32.png",
  "status": 200,
  "time": "2025-06-06T22:35:39Z"
}
{
  "client_ip": "172.19.0.1",
  "errors": "",
  "hostname": "a1ab4df1bf55",
  "latency": 2,
  "level": "info",
  "method": "GET",
  "msg": "GET /api/books 200 2.102988ms",
  "path": "/api/books",
  "status": 200,
  "time": "2025-06-06T22:36:31Z"
}
{
  "client_ip": "172.19.0.1",
  "errors": "",
  "hostname": "5715c152d9d2",
  "latency": 0,
  "level": "warning",
  "method": "GET",
  "msg": "GET /favicon.ico 404 2.214µs",
  "path": "/favicon.ico",
  "status": 404,
  "time": "2025-06-06T22:36:32Z"
}
{
  "client_ip": "172.19.0.1",
  "errors": "",
  "hostname": "896687bcd1e1",
  "latency": 3,
  "level": "info",
  "method": "GET",
  "msg": "GET /api/books 200 2.998667ms",
  "path": "/api/books",
  "status": 200,
  "time": "2025-06-06T22:37:01Z"
}
{
  "level": "info",
  "msg": "Запуск сервера",
  "port": "8080",
  "time": "2025-06-06T22:39:04Z"
}
{
  "level": "info",
  "msg": "Запуск сервера",
  "port": "8080",
  "time": "2025-06-06T22:39:04Z"
}
{
  "level": "info",
  "msg": "Запуск сервера",
  "port": "8080",
  "time": "2025-06-06T22:39:04Z"
}
{
  "client_ip": "172.19.0.1",
  "errors": "",
  "hostname": "60178b7ef2cf",
  "latency": 0,
  "level": "info",
  "method": "GET",
  "msg": "GET /swagger/index.html 200 222.156µs",
  "path": "/swagger/index.html",
  "status": 200,
  "time": "2025-06-06T22:39:09Z"
}
{
  "client_ip": "172.19.0.1",
  "errors": "",
  "hostname": "800746295d48",
  "latency": 3,
  "level": "info",
  "method": "GET",
  "msg": "GET /swagger/swagger-ui.css 200 3.395209ms",
  "path": "/swagger/swagger-ui.css",
  "status": 200,
  "time": "2025-06-06T22:39:09Z"
}
{
  "client_ip": "172.19.0.1",
  "errors": "",
  "hostname": "60178b7ef2cf",
  "latency": 7,
  "level": "info",
  "method": "GET",
  "msg": "GET /swagger/swagger-ui-standalone-preset.js 200 6.758376ms",
  "path": "/swagger/swagger-ui-standalone-preset.js",
  "status": 200,
  "time": "2025-06-06T22:39:09Z"
}
{
  "client_ip": "172.19.0.1",
  "errors": "",
  "hostname": "c427235f3741",
  "latency": 9,
  "level": "info",
  "method": "GET",
  "msg": "GET /swagger/swagger-ui-bundle.js 200 8.971623ms",
  "path": "/swagger/swagger-ui-bundle.js",
  "status": 200,
  "time": "2025-06-06T22:39:09Z"
}
{
  "client_ip": "172.19.0.1",
  "errors": "",
  "hostname": "60178b7ef2cf",
  "latency": 0,
  "level": "info",
  "method": "GET",
  "msg": "GET /swagger/favicon-32x32.png 200 71.378µs",
  "path": "/swagger/favicon-32x32.png",
  "status": 200,
  "time": "2025-06-06T22:39:09Z"
}
{
  "client_ip": "172.19.0.1",
  "errors": "",
  "hostname": "800746295d48",
  "latency": 0,
  "level": "info",
  "method": "GET",
  "msg": "GET /swagger/favicon-32x32.png 200 72.29µs",
  "path": "/swagger/favicon-32x32.png",
  "status": 200,
  "time": "2025-06-06T22:39:09Z"
}
{
  "client_ip": "172.19.0.1",
  "errors": "",
  "hostname": "800746295d48",
  "latency": 0,
  "level": "info",
  "method": "GET",
  "msg": "GET /swagger/doc.json 200 314.017µs",
  "path": "/swagger/doc.json",
  "status": 200,
  "time": "2025-06-06T22:39:09Z"
}
{
  "client_ip": "172.19.0.1",
  "errors": "",
  "hostname": "c427235f3741",
  "latency": 2,
  "level": "info",
  "method": "GET",
  "msg": "GET /api/books 200 1.609972ms",
  "path": "/api/books",
  "status": 200,
  "time": "2025-06-06T22:39:34Z"
}
{
  "level": "info",
  "msg": "Запуск сервера",
  "port": "8080",
  "time": "2025-06-06T22:41:35Z"
}
{
  "level": "info",
  "msg": "Запуск сервера",
  "port": "8080",
  "time": "2025-06-06T22:41:35Z"
}
{
  "level": "info",
  "msg": "Запуск сервера",
  "port": "8080",
  "time": "2025-06-06T22:41:35Z"
}
{
  "client_ip": "172.19.0.1",
  "errors": "",
  "hostname": "1fb5b23d47c8",
  "latency": 0,
  "level": "info",
  "method": "GET",
  "msg": "GET /swagger/index.html 200 255.924µs",
  "path": "/swagger/index.html",
  "status": 200,
  "time": "2025-06-06T22:41:45Z"
}
{
  "client_ip": "172.19.0.1",
  "errors": "",
  "hostname": "98dab99f7be2",
  "latency": 1,
  "level": "info",
  "method": "GET",
  "msg": "GET /swagger/swagger-ui.css 200 611.947µs",
  "path": "/swagger/swagger-ui.css",
  "status": 200,
  "time": "2025-06-06T22:41:45Z"
}
{
  "client_ip": "172.19.0.1",
  "errors": "",
  "hostname": "bfdab45a4aa4",
  "latency": 2,
  "level": "info",
  "method": "GET",
  "msg": "GET /swagger/swagger-ui-bundle.js 200 1.835993ms",
  "path": "/swagger/swagger-ui-bundle.js",
  "status": 200,
  "time": "2025-06-06T22:41:45Z"
}
{
  "client_ip": "172.19.0.1",
  "errors": "",
  "hostname": "1fb5b23d47c8",
  "latency": 2,
  "level": "info",
  "method": "GET",
  "msg": "GET /swagger/swagger-ui-standalone-preset.js 200 2.235509ms",
  "path": "/swagger/swagger-ui-standalone-preset.js",
  "status": 200,
  "time": "2025-06-06T22:41:45Z"
}
{
  "client_ip": "172.19.0.1",
  "errors": "",
  "hostname": "98dab99f7be2",
  "latency": 0,
  "level": "info",
  "method": "GET",
  "msg": "GET /swagger/favicon-32x32.png 200 146.686µs",
  "path": "/swagger/favicon-32x32.png",
  "status": 200,
  "time": "2025-06-06T22:41:45Z"
}
{
  "client_ip": "172.19.0.1",
  "errors": "",
  "hostname": "bfdab45a4aa4",
  "latency": 0,
  "level": "info",
  "method": "GET",
  "msg": "GET /swagger/favicon-32x32.png 200 154.187µs",
  "path": "/swagger/favicon-32x32.png",
  "status": 200,
  "time": "2025-06-06T22:41:45Z"
}
{
  "client_ip": "172.19.0.1",
  "errors": "",
  "hostname": "1fb5b23d47c8",
  "latency": 0,
  "level": "info",
  "method": "GET",
  "msg": "GET /swagger/doc.json 200 430.603µs",
  "path": "/swagger/doc.json",
  "status": 200,
  "time": "2025-06-06T22:41:45Z"
}
{
  "client_ip": "172.19.0.1",
  "errors": "",
  "hostname": "98dab99f7be2",
  "latency": 1,
  "level": "info",
  "method": "GET",
  "msg": "GET /api/books 200 1.420108ms",
  "path": "/api/books",
  "status": 200,
  "time": "2025-06-06T22:41:48Z"
}
{
  "client_ip": "172.19.0.1",
  "errors": "",
  "hostname": "1fb5b23d47c8",
  "latency": 2,
  "level": "info",
  "method": "GET",
  "msg": "GET /api/books 200 1.853685ms",
  "path": "/api/books",
  "status": 200,
  "time": "2025-06-06T22:42:00Z"
}
{
  "client_ip": "172.19.0.1",
  "errors": "",
  "hostname": "bfdab45a4aa4",
  "latency": 1,
  "level": "info",
  "method": "GET",
  "msg": "GET /api/books 200 1.382488ms",
  "path": "/api/books",
  "status": 200,
  "time": "2025-06-06T22:42:02Z"
}
{
  "client_ip": "172.19.0.1",
  "errors": "",
  "hostname": "98dab99f7be2",
  "latency": 1,
  "level": "info",
  "method": "GET",
  "msg": "GET /api/books 200 1.116925ms",
  "path": "/api/books",
  "status": 200,
  "time": "2025-06-06T22:42:03Z"
}
{
  "client_ip": "172.19.0.1",
  "errors": "",
  "hostname": "1fb5b23d47c8",
  "latency": 1,
  "level": "info",
  "method": "GET",
  "msg": "GET /api/books 200 821.09µs",
  "path": "/api/books",
  "status": 200,
  "time": "2025-06-06T22:42:03Z"
}
{
  "client_ip": "172.19.0.1",
  "errors": "",
  "hostname": "bfdab45a4aa4",
  "latency": 2,
  "level": "info",
  "method": "GET",
  "msg": "GET /api/books 200 1.619524ms",
  "path": "/api/books",
  "status": 200,
  "time": "2025-06-06T22:42:04Z"
}
{
  "client_ip": "172.19.0.1",
  "errors": "",
  "hostname": "98dab99f7be2",
  "latency": 1,
  "level": "info",
  "method": "GET",
  "msg": "GET /api/books 200 842.982µs",
  "path": "/api/books",
  "status": 200,
  "time": "2025-06-06T22:42:04Z"
}
{
  "client_ip": "172.19.0.1",
  "errors": "",
  "hostname": "1fb5b23d47c8",
  "latency": 1,
  "level": "info",
  "method": "GET",
  "msg": "GET /api/books 200 619.349µs",
  "path": "/api/books",
  "status": 200,
  "time": "2025-06-06T22:42:04Z"
}
{
  "client_ip": "172.19.0.1",
  "errors": "",
  "hostname": "bfdab45a4aa4",
  "latency": 1,
  "level": "info",
  "method": "GET",
  "msg": "GET /api/books 200 797.904µs",
  "path": "/api/books",
  "status": 200,
  "time": "2025-06-06T22:42:04Z"
}
{
  "client_ip": "172.19.0.1",
  "errors": "",
  "hostname": "98dab99f7be2",
  "latency": 1,
  "level": "info",
  "method": "GET",
  "msg": "GET /api/books 200 1.227921ms",
  "path": "/api/books",
  "status": 200,
  "time": "2025-06-06T22:42:05Z"
}
{
  "client_ip": "172.19.0.1",
  "errors": "",
  "hostname": "1fb5b23d47c8",
  "latency": 1,
  "level": "info",
  "method": "GET",
  "msg": "GET /api/books 200 1.093901ms",
  "path": "/api/books",
  "status": 200,
  "time": "2025-06-06T22:42:05Z"
}
{
  "client_ip": "172.19.0.1",
  "errors": "",
  "hostname": "bfdab45a4aa4",
  "latency": 1,
  "level": "info",
  "method": "GET",
  "msg": "GET /api/books 200 909.367µs",
  "path": "/api/books",
  "status": 200,
  "time": "2025-06-06T22:42:05Z"
}
{
  "client_ip": "172.19.0.1",
  "errors": "",
  "hostname": "98dab99f7be2",
  "latency": 2,
  "level": "info",
  "method": "GET",
  "msg": "GET /api/books 200 2.010085ms",
  "path": "/api/books",
  "status": 200,
  "time": "2025-06-06T22:42:05Z"
}
{
  "client_ip": "172.19.0.1",
  "errors": "",
  "hostname": "1fb5b23d47c8",
  "latency": 1,
  "level": "info",
  "method": "GET",
  "msg": "GET /api/books 200 716.463µs",
  "path": "/api/books",
  "status": 200,
  "time": "2025-06-06T22:42:06Z"
}
{
  "client_ip": "172.19.0.1",
  "errors": "",
  "hostname": "bfdab45a4aa4",
  "latency": 1,
  "level": "info",
  "method": "GET",
  "msg": "GET /api/books 200 667.598µs",
  "path": "/api/books",
  "status": 200,
  "time": "2025-06-06T22:42:06Z"
}
{
  "client_ip": "172.19.0.1",
  "errors": "",
  "hostname": "98dab99f7be2",
  "latency": 1,
  "level": "info",
  "method": "GET",
  "msg": "GET /api/books 200 607.801µs",
  "path": "/api/books",
  "status": 200,
  "time": "2025-06-06T22:42:06Z"
}
{
  "client_ip": "172.19.0.1",
  "errors": "",
  "hostname": "1fb5b23d47c8",
  "latency": 1,
  "level": "info",
  "method": "GET",
  "msg": "GET /api/books 200 1.410154ms",
  "path": "/api/books",
  "status": 200,
  "time": "2025-06-06T22:46:48Z"
}
{
  "client_ip": "172.19.0.1",
  "errors": "",
  "hostname": "bfdab45a4aa4",
  "latency": 1,
  "level": "info",
  "method": "GET",
  "msg": "GET /api/books 200 970.737µs",
  "path": "/api/books",
  "status": 200,
  "time": "2025-06-06T22:47:12Z"
}
{
  "client_ip": "172.19.0.1",
  "errors": "",
  "hostname": "98dab99f7be2",
  "latency": 1,
  "level": "info",
  "method": "GET",
  "msg": "GET /api/books 200 864.386µs",
  "path": "/api/books",
  "status": 200,
  "time": "2025-06-06T22:48:16Z"
}
{
  "client_ip": "172.19.0.1",
  "errors": "",
  "hostname": "1fb5b23d47c8",
  "latency": 0,
  "level": "warning",
  "method": "HEAD",
  "msg": "HEAD /api/books 404 1.834µs",
  "path": "/api/books",
  "status": 404,
  "time": "2025-06-06T22:48:28Z"
}
{
  "client_ip": "172.19.0.1",
  "errors": "",
  "hostname": "bfdab45a4aa4",
  "latency": 0,
  "level": "warning",
  "method": "HEAD",
  "msg": "HEAD /api/books 404 1.649µs",
  "path": "/api/books",
  "status": 404,
  "time": "2025-06-06T22:48:46Z"
}
{
  "client_ip": "172.19.0.1",
  "errors": "",
  "hostname": "98dab99f7be2",
  "latency": 0,
  "level": "warning",
  "method": "HEAD",
  "msg": "HEAD /api/books 404 1.867µs",
  "path": "/api/books",
  "status": 404,
  "time": "2025-06-06T22:48:46Z"
}
{
  "client_ip": "172.19.0.1",
  "errors": "",
  "hostname": "1fb5b23d47c8",
  "latency": 0,
  "level": "warning",
  "method": "HEAD",
  "msg": "HEAD /api/books 404 2.094µs",
  "path": "/api/books",
  "status": 404,
  "time": "2025-06-06T22:48:47Z"
}
{
  "client_ip": "172.19.0.1",
  "errors": "",
  "hostname": "bfdab45a4aa4",
  "latency": 0,
  "level": "warning",
  "method": "HEAD",
  "msg": "HEAD /api/books 404 1.618µs",
  "path": "/api/books",
  "status": 404,
  "time": "2025-06-06T22:48:47Z"
}
{
  "client_ip": "172.19.0.1",
  "errors": "",
  "hostname": "98dab99f7be2",
  "latency": 0,
  "level": "warning",
  "method": "HEAD",
  "msg": "HEAD /api/books 404 1.976µs",
  "path": "/api/books",
  "status": 404,
  "time": "2025-06-06T22:48:47Z"
}
{
  "client_ip": "172.19.0.1",
  "errors": "",
  "hostname": "1fb5b23d47c8",
  "latency": 0,
  "level": "warning",
  "method": "HEAD",
  "msg": "HEAD /api/books 404 1.704µs",
  "path": "/api/books",
  "status": 404,
  "time": "2025-06-06T22:48:47Z"
}
{
  "client_ip": "172.19.0.1",
  "errors": "",
  "hostname": "bfdab45a4aa4",
  "latency": 0,
  "level": "warning",
  "method": "HEAD",
  "msg": "HEAD /api/books 404 1.682µs",
  "path": "/api/books",
  "status": 404,
  "time": "2025-06-06T22:48:47Z"
}
{
  "client_ip": "172.19.0.1",
  "errors": "",
  "hostname": "98dab99f7be2",
  "latency": 0,
  "level": "warning",
  "method": "HEAD",
  "msg": "HEAD /api/books 404 1.835µs",
  "path": "/api/books",
  "status": 404,
  "time": "2025-06-06T22:48:47Z"
}
{
  "client_ip": "172.19.0.1",
  "errors": "",
  "hostname": "1fb5b23d47c8",
  "latency": 0,
  "level": "warning",
  "method": "HEAD",
  "msg": "HEAD /api/books 404 1.683µs",
  "path": "/api/books",
  "status": 404,
  "time": "2025-06-06T22:48:48Z"
}
{
  "client_ip": "172.19.0.1",
  "errors": "",
  "hostname": "bfdab45a4aa4",
  "latency": 0,
  "level": "warning",
  "method": "HEAD",
  "msg": "HEAD /api/books 404 1.769µs",
  "path": "/api/books",
  "status": 404,
  "time": "2025-06-06T22:48:48Z"
}
{
  "client_ip": "172.19.0.1",
  "errors": "",
  "hostname": "98dab99f7be2",
  "latency": 0,
  "level": "warning",
  "method": "HEAD",
  "msg": "HEAD /api/books 404 1.52µs",
  "path": "/api/books",
  "status": 404,
  "time": "2025-06-06T22:48:48Z"
}
{
  "client_ip": "172.19.0.1",
  "errors": "",
  "hostname": "1fb5b23d47c8",
  "latency": 0,
  "level": "warning",
  "method": "HEAD",
  "msg": "HEAD /api/books 404 2.443µs",
  "path": "/api/books",
  "status": 404,
  "time": "2025-06-06T22:48:48Z"
}
{
  "client_ip": "172.19.0.1",
  "errors": "",
  "hostname": "bfdab45a4aa4",
  "latency": 0,
  "level": "warning",
  "method": "HEAD",
  "msg": "HEAD /api/books 404 2.367µs",
  "path": "/api/books",
  "status": 404,
  "time": "2025-06-06T22:48:48Z"
}
{
  "client_ip": "172.19.0.1",
  "errors": "",
  "hostname": "98dab99f7be2",
  "latency": 0,
  "level": "warning",
  "method": "HEAD",
  "msg": "HEAD /api/books 404 1.563µs",
  "path": "/api/books",
  "status": 404,
  "time": "2025-06-06T22:48:49Z"
}
{
  "client_ip": "172.19.0.1",
  "errors": "",
  "hostname": "1fb5b23d47c8",
  "latency": 0,
  "level": "warning",
  "method": "HEAD",
  "msg": "HEAD /api/books 404 1.585µs",
  "path": "/api/books",
  "status": 404,
  "time": "2025-06-06T22:48:49Z"
}
{
  "client_ip": "172.19.0.1",
  "errors": "",
  "hostname": "bfdab45a4aa4",
  "latency": 0,
  "level": "warning",
  "method": "HEAD",
  "msg": "HEAD /api/books 404 1.367µs",
  "path": "/api/books",
  "status": 404,
  "time": "2025-06-06T22:48:49Z"
}
{
  "client_ip": "172.19.0.1",
  "errors": "",
  "hostname": "98dab99f7be2",
  "latency": 0,
  "level": "warning",
  "method": "HEAD",
  "msg": "HEAD /api/books 404 1.736µs",
  "path": "/api/books",
  "status": 404,
  "time": "2025-06-06T22:48:49Z"
}
{
  "client_ip": "172.19.0.1",
  "errors": "",
  "hostname": "1fb5b23d47c8",
  "latency": 0,
  "level": "warning",
  "method": "HEAD",
  "msg": "HEAD /api/books 404 1.846µs",
  "path": "/api/books",
  "status": 404,
  "time": "2025-06-06T22:48:49Z"
}
{
  "client_ip": "172.19.0.1",
  "errors": "",
  "hostname": "bfdab45a4aa4",
  "latency": 0,
  "level": "warning",
  "method": "HEAD",
  "msg": "HEAD /api/books 404 1.693µs",
  "path": "/api/books",
  "status": 404,
  "time": "2025-06-06T22:48:49Z"
}
{
  "client_ip": "172.19.0.1",
  "errors": "",
  "hostname": "98dab99f7be2",
  "latency": 0,
  "level": "warning",
  "method": "HEAD",
  "msg": "HEAD /api/books 404 2.073µs",
  "path": "/api/books",
  "status": 404,
  "time": "2025-06-06T22:48:50Z"
}
{
  "client_ip": "172.19.0.1",
  "errors": "",
  "hostname": "1fb5b23d47c8",
  "latency": 0,
  "level": "warning",
  "method": "HEAD",
  "msg": "HEAD /api/books 404 1.584µs",
  "path": "/api/books",
  "status": 404,
  "time": "2025-06-06T22:48:50Z"
}
{
  "client_ip": "172.19.0.1",
  "errors": "",
  "hostname": "bfdab45a4aa4",
  "latency": 0,
  "level": "warning",
  "method": "HEAD",
  "msg": "HEAD /api/books 404 1.563µs",
  "path": "/api/books",
  "status": 404,
  "time": "2025-06-06T22:48:50Z"
}
{
  "client_ip": "172.19.0.1",
  "errors": "",
  "hostname": "98dab99f7be2",
  "latency": 0,
  "level": "warning",
  "method": "HEAD",
  "msg": "HEAD /api/books 404 1.899µs",
  "path": "/api/books",
  "status": 404,
  "time": "2025-06-06T22:48:50Z"
}
{
  "client_ip": "172.19.0.1",
  "errors": "",
  "hostname": "1fb5b23d47c8",
  "latency": 0,
  "level": "warning",
  "method": "HEAD",
  "msg": "HEAD /api/books 404 1.954µs",
  "path": "/api/books",
  "status": 404,
  "time": "2025-06-06T22:48:50Z"
}
{
  "client_ip": "172.19.0.1",
  "errors": "",
  "hostname": "bfdab45a4aa4",
  "latency": 0,
  "level": "warning",
  "method": "HEAD",
  "msg": "HEAD /api/books 404 1.921µs",
  "path": "/api/books",
  "status": 404,
  "time": "2025-06-06T22:48:51Z"
}
{
  "client_ip": "172.19.0.1",
  "errors": "",
  "hostname": "98dab99f7be2",
  "latency": 0,
  "level": "warning",
  "method": "HEAD",
  "msg": "HEAD /api/books 404 1.9µs",
  "path": "/api/books",
  "status": 404,
  "time": "2025-06-06T22:48:51Z"
}
{
  "client_ip": "172.19.0.1",
  "errors": "",
  "hostname": "1fb5b23d47c8",
  "latency": 0,
  "level": "warning",
  "method": "HEAD",
  "msg": "HEAD /api/books 404 1.835µs",
  "path": "/api/books",
  "status": 404,
  "time": "2025-06-06T22:48:51Z"
}
{
  "client_ip": "172.19.0.1",
  "errors": "",
  "hostname": "bfdab45a4aa4",
  "latency": 0,
  "level": "warning",
  "method": "HEAD",
  "msg": "HEAD /api/books 404 1.705µs",
  "path": "/api/books",
  "status": 404,
  "time": "2025-06-06T22:48:51Z"
}
{
  "client_ip": "172.19.0.1",
  "errors": "",
  "hostname": "98dab99f7be2",
  "latency": 0,
  "level": "warning",
  "method": "HEAD",
  "msg": "HEAD /api/books 404 1.835µs",
  "path": "/api/books",
  "status": 404,
  "time": "2025-06-06T22:48:51Z"
}
{
  "client_ip": "172.19.0.1",
  "errors": "",
  "hostname": "1fb5b23d47c8",
  "latency": 0,
  "level": "warning",
  "method": "HEAD",
  "msg": "HEAD /api/books 404 1.867µs",
  "path": "/api/books",
  "status": 404,
  "time": "2025-06-06T22:48:52Z"
}
{
  "client_ip": "172.19.0.1",
  "errors": "",
  "hostname": "bfdab45a4aa4",
  "latency": 0,
  "level": "warning",
  "method": "HEAD",
  "msg": "HEAD /api/books 404 1.823µs",
  "path": "/api/books",
  "status": 404,
  "time": "2025-06-06T22:48:57Z"
}
{
  "client_ip": "172.19.0.1",
  "errors": "",
  "hostname": "98dab99f7be2",
  "latency": 0,
  "level": "warning",
  "method": "HEAD",
  "msg": "HEAD /api/books 404 1.835µs",
  "path": "/api/books",
  "status": 404,
  "time": "2025-06-06T22:48:57Z"
}
{
  "client_ip": "172.19.0.1",
  "errors": "",
  "hostname": "1fb5b23d47c8",
  "latency": 0,
  "level": "warning",
  "method": "HEAD",
  "msg": "HEAD /api/books 404 1.878µs",
  "path": "/api/books",
  "status": 404,
  "time": "2025-06-06T22:48:57Z"
}
{
  "client_ip": "172.19.0.1",
  "errors": "",
  "hostname": "bfdab45a4aa4",
  "latency": 0,
  "level": "warning",
  "method": "HEAD",
  "msg": "HEAD /api/books 404 1.823µs",
  "path": "/api/books",
  "status": 404,
  "time": "2025-06-06T22:48:57Z"
}
{
  "client_ip": "172.19.0.1",
  "errors": "",
  "hostname": "98dab99f7be2",
  "latency": 0,
  "level": "warning",
  "method": "HEAD",
  "msg": "HEAD /api/books 404 1.835µs",
  "path": "/api/books",
  "status": 404,
  "time": "2025-06-06T22:48:57Z"
}
{
  "client_ip": "172.19.0.1",
  "errors": "",
  "hostname": "1fb5b23d47c8",
  "latency": 0,
  "level": "warning",
  "method": "HEAD",
  "msg": "HEAD /api/books 404 1.888µs",
  "path": "/api/books",
  "status": 404,
  "time": "2025-06-06T22:48:57Z"
}
{
  "client_ip": "172.19.0.1",
  "errors": "",
  "hostname": "bfdab45a4aa4",
  "latency": 0,
  "level": "warning",
  "method": "HEAD",
  "msg": "HEAD /api/books 404 1.596µs",
  "path": "/api/books",
  "status": 404,
  "time": "2025-06-06T22:48:58Z"
}
{
  "client_ip": "172.19.0.1",
  "errors": "",
  "hostname": "98dab99f7be2",
  "latency": 0,
  "level": "warning",
  "method": "HEAD",
  "msg": "HEAD /api/books 404 1.856µs",
  "path": "/api/books",
  "status": 404,
  "time": "2025-06-06T22:48:58Z"
}
{
  "client_ip": "172.19.0.1",
  "errors": "",
  "hostname": "1fb5b23d47c8",
  "latency": 0,
  "level": "warning",
  "method": "HEAD",
  "msg": "HEAD /api/books 404 1.77µs",
  "path": "/api/books",
  "status": 404,
  "time": "2025-06-06T22:48:58Z"
}
{
  "client_ip": "172.19.0.1",
  "errors": "",
  "hostname": "bfdab45a4aa4",
  "latency": 0,
  "level": "warning",
  "method": "HEAD",
  "msg": "HEAD /api/books 404 1.791µs",
  "path": "/api/books",
  "status": 404,
  "time": "2025-06-06T22:48:58Z"
}
{
  "client_ip": "172.19.0.1",
  "errors": "",
  "hostname": "98dab99f7be2",
  "latency": 0,
  "level": "warning",
  "method": "HEAD",
  "msg": "HEAD /api/books 404 1.552µs",
  "path": "/api/books",
  "status": 404,
  "time": "2025-06-06T22:49:07Z"
}
{
  "client_ip": "172.19.0.1",
  "errors": "",
  "hostname": "1fb5b23d47c8",
  "latency": 0,
  "level": "warning",
  "method": "HEAD",
  "msg": "HEAD /api/books 404 1.769µs",
  "path": "/api/books",
  "status": 404,
  "time": "2025-06-06T22:49:07Z"
}
{
  "client_ip": "172.19.0.1",
  "errors": "",
  "hostname": "bfdab45a4aa4",
  "latency": 0,
  "level": "warning",
  "method": "HEAD",
  "msg": "HEAD /api/books 404 1.899µs",
  "path": "/api/books",
  "status": 404,
  "time": "2025-06-06T22:49:07Z"
}
{
  "client_ip": "172.19.0.1",
  "errors": "",
  "hostname": "98dab99f7be2",
  "latency": 0,
  "level": "warning",
  "method": "HEAD",
  "msg": "HEAD /api/books 404 2.268µs",
  "path": "/api/books",
  "status": 404,
  "time": "2025-06-06T22:49:08Z"
}
{
  "client_ip": "172.19.0.1",
  "errors": "",
  "hostname": "1fb5b23d47c8",
  "latency": 0,
  "level": "warning",
  "method": "HEAD",
  "msg": "HEAD /api/books 404 1.781µs",
  "path": "/api/books",
  "status": 404,
  "time": "2025-06-06T22:49:08Z"
}
{
  "client_ip": "172.19.0.1",
  "errors": "",
  "hostname": "bfdab45a4aa4",
  "latency": 0,
  "level": "warning",
  "method": "HEAD",
  "msg": "HEAD /api/books 404 1.802µs",
  "path": "/api/books",
  "status": 404,
  "time": "2025-06-06T22:49:08Z"
}
{
  "client_ip": "172.19.0.1",
  "errors": "",
  "hostname": "98dab99f7be2",
  "latency": 0,
  "level": "warning",
  "method": "HEAD",
  "msg": "HEAD /api/books 404 2.377µs",
  "path": "/api/books",
  "status": 404,
  "time": "2025-06-06T22:49:08Z"
}
{
  "client_ip": "172.19.0.1",
  "errors": "",
  "hostname": "1fb5b23d47c8",
  "latency": 0,
  "level": "warning",
  "method": "HEAD",
  "msg": "HEAD /api/books 404 1.704µs",
  "path": "/api/books",
  "status": 404,
  "time": "2025-06-06T22:49:08Z"
}
{
  "client_ip": "172.19.0.1",
  "errors": "",
  "hostname": "bfdab45a4aa4",
  "latency": 0,
  "level": "warning",
  "method": "HEAD",
  "msg": "HEAD /api/books 404 1.715µs",
  "path": "/api/books",
  "status": 404,
  "time": "2025-06-06T22:49:09Z"
}
{
  "client_ip": "172.19.0.1",
  "errors": "",
  "hostname": "98dab99f7be2",
  "latency": 0,
  "level": "warning",
  "method": "HEAD",
  "msg": "HEAD /api/books 404 1.953µs",
  "path": "/api/books",
  "status": 404,
  "time": "2025-06-06T22:49:09Z"
}
{
  "client_ip": "172.19.0.1",
  "errors": "",
  "hostname": "1fb5b23d47c8",
  "latency": 0,
  "level": "warning",
  "method": "HEAD",
  "msg": "HEAD /api/books 404 1.498µs",
  "path": "/api/books",
  "status": 404,
  "time": "2025-06-06T22:49:39Z"
}
{
  "client_ip": "172.19.0.1",
  "errors": "",
  "hostname": "bfdab45a4aa4",
  "latency": 0,
  "level": "warning",
  "method": "HEAD",
  "msg": "HEAD /api/books 404 1.801µs",
  "path": "/api/books",
  "status": 404,
  "time": "2025-06-06T22:49:39Z"
}
{
  "client_ip": "172.19.0.1",
  "errors": "",
  "hostname": "98dab99f7be2",
  "latency": 0,
  "level": "warning",
  "method": "HEAD",
  "msg": "HEAD /api/books 404 1.574µs",
  "path": "/api/books",
  "status": 404,
  "time": "2025-06-06T22:49:39Z"
}
{
  "client_ip": "172.19.0.1",
  "errors": "",
  "hostname": "1fb5b23d47c8",
  "latency": 0,
  "level": "warning",
  "method": "HEAD",
  "msg": "HEAD /api/books 404 1.66µs",
  "path": "/api/books",
  "status": 404,
  "time": "2025-06-06T22:49:39Z"
}
{
  "client_ip": "172.19.0.1",
  "errors": "",
  "hostname": "bfdab45a4aa4",
  "latency": 0,
  "level": "warning",
  "method": "HEAD",
  "msg": "HEAD /api/books 404 1.769µs",
  "path": "/api/books",
  "status": 404,
  "time": "2025-06-06T22:49:39Z"
}
{
  "client_ip": "172.19.0.1",
  "errors": "",
  "hostname": "98dab99f7be2",
  "latency": 0,
  "level": "warning",
  "method": "HEAD",
  "msg": "HEAD /api/books 404 2.291µs",
  "path": "/api/books",
  "status": 404,
  "time": "2025-06-06T22:49:40Z"
}
{
  "client_ip": "172.19.0.1",
  "errors": "",
  "hostname": "1fb5b23d47c8",
  "latency": 0,
  "level": "warning",
  "method": "HEAD",
  "msg": "HEAD /api/books 404 1.682µs",
  "path": "/api/books",
  "status": 404,
  "time": "2025-06-06T22:49:40Z"
}
{
  "client_ip": "172.19.0.1",
  "errors": "",
  "hostname": "bfdab45a4aa4",
  "latency": 0,
  "level": "warning",
  "method": "HEAD",
  "msg": "HEAD /api/books 404 1.639µs",
  "path": "/api/books",
  "status": 404,
  "time": "2025-06-06T22:49:40Z"
}
{
  "client_ip": "172.19.0.1",
  "errors": "",
  "hostname": "98dab99f7be2",
  "latency": 0,
  "level": "warning",
  "method": "HEAD",
  "msg": "HEAD /api/books 404 2.192µs",
  "path": "/api/books",
  "status": 404,
  "time": "2025-06-06T22:49:40Z"
}
{
  "client_ip": "172.19.0.1",
  "errors": "",
  "hostname": "1fb5b23d47c8",
  "latency": 0,
  "level": "warning",
  "method": "HEAD",
  "msg": "HEAD /api/books 404 1.65µs",
  "path": "/api/books",
  "status": 404,
  "time": "2025-06-06T22:49:40Z"
}
{
  "client_ip": "172.19.0.1",
  "errors": "",
  "hostname": "bfdab45a4aa4",
  "latency": 3,
  "level": "info",
  "method": "GET",
  "msg": "GET /api/books 200 2.57539ms",
  "path": "/api/books",
  "status": 200,
  "time": "2025-06-06T22:53:54Z"
}
{
  "client_ip": "172.19.0.1",
  "errors": "",
  "hostname": "98dab99f7be2",
  "latency": 7,
  "level": "info",
  "method": "GET",
  "msg": "GET /api/books 200 7.022039ms",
  "path": "/api/books",
  "status": 200,
  "time": "2025-06-06T23:03:16Z"
}
{
  "client_ip": "172.19.0.1",
  "errors": "",
  "hostname": "1fb5b23d47c8",
  "latency": 6,
  "level": "info",
  "method": "GET",
  "msg": "GET /api/books 200 5.72131ms",
  "path": "/api/books",
  "status": 200,
  "time": "2025-06-06T23:03:33Z"
}
{
  "client_ip": "172.19.0.1",
  "errors": "",
  "hostname": "bfdab45a4aa4",
  "latency": 1,
  "level": "info",
  "method": "GET",
  "msg": "GET /api/books 200 1.482347ms",
  "path": "/api/books",
  "status": 200,
  "time": "2025-06-06T23:03:34Z"
}
{
  "client_ip": "172.19.0.1",
  "errors": "",
  "hostname": "98dab99f7be2",
  "latency": 2,
  "level": "info",
  "method": "GET",
  "msg": "GET /api/books 200 1.543608ms",
  "path": "/api/books",
  "status": 200,
  "time": "2025-06-06T23:03:31Z"
}
{
  "client_ip": "172.19.0.1",
  "errors": "",
  "hostname": "1fb5b23d47c8",
  "latency": 1,
  "level": "info",
  "method": "GET",
  "msg": "GET /api/books 200 957.213µs",
  "path": "/api/books",
  "status": 200,
  "time": "2025-06-06T23:03:32Z"
}
{
  "client_ip": "172.19.0.1",
  "errors": "",
  "hostname": "bfdab45a4aa4",
  "latency": 2,
  "level": "info",
  "method": "GET",
  "msg": "GET /api/books 200 1.595905ms",
  "path": "/api/books",
  "status": 200,
  "time": "2025-06-06T23:04:06Z"
}
{
  "client_ip": "172.19.0.1",
  "errors": "",
  "hostname": "98dab99f7be2",
  "latency": 1,
  "level": "info",
  "method": "GET",
  "msg": "GET /api/books 200 1.162111ms",
  "path": "/api/books",
  "status": 200,
  "time": "2025-06-06T23:04:10Z"
}
{
  "level": "info",
  "msg": "Запуск сервера",
  "port": "8080",
  "time": "2025-06-30T16:51:49Z"
}
{
  "level": "info",
  "msg": "Запуск сервера",
  "port": "8080",
  "time": "2025-06-30T16:51:49Z"
}
{
  "level": "info",
  "msg": "Запуск сервера",
  "port": "8080",
  "time": "2025-06-30T16:51:49Z"
}
{
  "client_ip": "46.242.11.95",
  "errors": "",
  "hostname": "704c208f6484",
  "latency": 0,
  "level": "warning",
  "method": "GET",
  "msg": "GET / 404 3.131µs",
  "path": "/",
  "status": 404,
  "time": "2025-06-30T17:12:27Z"
}
{
  "client_ip": "46.242.11.95",
  "errors": "",
  "hostname": "5a39804b2e9b",
  "latency": 0,
  "level": "warning",
  "method": "GET",
  "msg": "GET /favicon.ico 404 2.819µs",
  "path": "/favicon.ico",
  "status": 404,
  "time": "2025-06-30T17:12:27Z"
}
{
  "client_ip": "46.242.11.95",
  "errors": "",
  "hostname": "e92105445650",
  "latency": 0,
  "level": "warning",
  "method": "GET",
  "msg": "GET /books 404 2.727µs",
  "path": "/books",
  "status": 404,
  "time": "2025-06-30T17:12:37Z"
}
{
  "client_ip": "46.242.11.95",
  "errors": "",
  "hostname": "704c208f6484",
  "latency": 4,
  "level": "info",
  "method": "GET",
  "msg": "GET /api/books 200 3.656687ms",
  "path": "/api/books",
  "status": 200,
  "time": "2025-06-30T17:12:41Z"
}
{
  "client_ip": "46.242.11.95",
  "errors": "",
  "hostname": "e92105445650",
  "latency": 0,
  "level": "warning",
  "method": "GET",
  "msg": "GET /swagger/ 404 80.358µs",
  "path": "/swagger/",
  "status": 404,
  "time": "2025-06-30T17:12:52Z"
}
{
  "client_ip": "46.242.11.95",
  "errors": "",
  "hostname": "704c208f6484",
  "latency": 0,
  "level": "info",
  "method": "GET",
  "msg": "GET /swagger/index.html 200 352.776µs",
  "path": "/swagger/index.html",
  "status": 200,
  "time": "2025-06-30T17:13:12Z"
}
{
  "client_ip": "46.242.11.95",
  "errors": "",
  "hostname": "5a39804b2e9b",
  "latency": 0,
  "level": "info",
  "method": "GET",
  "msg": "GET /swagger/swagger-ui.css 200 364.513µs",
  "path": "/swagger/swagger-ui.css",
  "status": 200,
  "time": "2025-06-30T17:13:12Z"
}
{
  "client_ip": "46.242.11.95",
  "errors": "",
  "hostname": "704c208f6484",
  "latency": 2,
  "level": "info",
  "method": "GET",
  "msg": "GET /swagger/swagger-ui-bundle.js 200 1.727397ms",
  "path": "/swagger/swagger-ui-bundle.js",
  "status": 200,
  "time": "2025-06-30T17:13:12Z"
}
{
  "client_ip": "46.242.11.95",
  "errors": "",
  "hostname": "e92105445650",
  "latency": 3,
  "level": "info",
  "method": "GET",
  "msg": "GET /swagger/swagger-ui-standalone-preset.js 200 3.058174ms",
  "path": "/swagger/swagger-ui-standalone-preset.js",
  "status": 200,
  "time": "2025-06-30T17:13:12Z"
}
{
  "client_ip": "46.242.11.95",
  "errors": "",
  "hostname": "5a39804b2e9b",
  "latency": 0,
  "level": "info",
  "method": "GET",
  "msg": "GET /swagger/doc.json 200 334.135µs",
  "path": "/swagger/doc.json",
  "status": 200,
  "time": "2025-06-30T17:13:13Z"
}
{
  "client_ip": "46.242.11.95",
  "errors": "",
  "hostname": "e92105445650",
  "latency": 0,
  "level": "info",
  "method": "GET",
  "msg": "GET /swagger/favicon-32x32.png 200 63.561µs",
  "path": "/swagger/favicon-32x32.png",
  "status": 200,
  "time": "2025-06-30T17:13:13Z"
}
{
  "client_ip": "83.217.9.111",
  "errors": "",
  "hostname": "704c208f6484",
  "latency": 19,
  "level": "info",
  "method": "POST",
  "msg": "POST /api/books 201 18.653718ms",
  "path": "/api/books",
  "status": 201,
  "time": "2025-06-30T17:18:19Z"
}
{
  "client_ip": "46.242.11.95",
  "errors": "",
  "hostname": "5a39804b2e9b",
  "latency": 1,
  "level": "info",
  "method": "GET",
  "msg": "GET /api/books 200 1.205223ms",
  "path": "/api/books",
  "status": 200,
  "time": "2025-06-30T17:20:41Z"
}
{
  "level": "info",
  "msg": "Запуск сервера",
  "port": "8080",
  "time": "2025-06-30T18:01:28Z"
}
{
  "level": "info",
  "msg": "Запуск сервера",
  "port": "8080",
  "time": "2025-06-30T18:01:28Z"
}
{
  "level": "info",
  "msg": "Запуск сервера",
  "port": "8080",
  "time": "2025-06-30T18:01:28Z"
}
{
  "client_ip": "46.242.11.95",
  "errors": "",
  "hostname": "db96c81b98d6",
  "latency": 1,
  "level": "info",
  "method": "GET",
  "msg": "GET /swagger/index.html 200 767.644µs",
  "path": "/swagger/index.html",
  "status": 200,
  "time": "2025-06-30T18:01:45Z"
}
{
  "client_ip": "46.242.11.95",
  "errors": "",
  "hostname": "1e4f92f4979e",
  "latency": 0,
  "level": "info",
  "method": "GET",
  "msg": "GET /swagger/swagger-ui.css 200 415.522µs",
  "path": "/swagger/swagger-ui.css",
  "status": 200,
  "time": "2025-06-30T18:01:45Z"
}
{
  "client_ip": "46.242.11.95",
  "errors": "",
  "hostname": "ccc91d0f33fb",
  "latency": 2,
  "level": "info",
  "method": "GET",
  "msg": "GET /swagger/swagger-ui-bundle.js 200 1.556659ms",
  "path": "/swagger/swagger-ui-bundle.js",
  "status": 200,
  "time": "2025-06-30T18:01:45Z"
}
{
  "client_ip": "46.242.11.95",
  "errors": "",
  "hostname": "db96c81b98d6",
  "latency": 0,
  "level": "info",
  "method": "GET",
  "msg": "GET /swagger/swagger-ui-standalone-preset.js 200 438.478µs",
  "path": "/swagger/swagger-ui-standalone-preset.js",
  "status": 200,
  "time": "2025-06-30T18:01:45Z"
}
{
  "client_ip": "46.242.11.95",
  "errors": "",
  "hostname": "db96c81b98d6",
  "latency": 0,
  "level": "info",
  "method": "GET",
  "msg": "GET /swagger/doc.json 200 314.864µs",
  "path": "/swagger/doc.json",
  "status": 200,
  "time": "2025-06-30T18:01:45Z"
}
{
  "client_ip": "83.217.9.111",
  "errors": "",
  "hostname": "1e4f92f4979e",
  "latency": 0,
  "level": "warning",
  "method": "GET",
  "msg": "GET / 404 2.007µs",
  "path": "/",
  "status": 404,
  "time": "2025-06-30T18:02:14Z"
}
{
  "client_ip": "83.217.9.111",
  "errors": "",
  "hostname": "ccc91d0f33fb",
  "latency": 0,
  "level": "warning",
  "method": "GET",
  "msg": "GET /favicon.ico 404 2.582µs",
  "path": "/favicon.ico",
  "status": 404,
  "time": "2025-06-30T18:02:15Z"
}
{
  "client_ip": "83.217.9.111",
  "errors": "",
  "hostname": "db96c81b98d6",
  "latency": 0,
  "level": "warning",
  "method": "GET",
  "msg": "GET / 404 1.938µs",
  "path": "/",
  "status": 404,
  "time": "2025-06-30T18:02:24Z"
}
{
  "client_ip": "83.217.9.111",
  "errors": "",
  "hostname": "db96c81b98d6",
  "latency": 0,
  "level": "warning",
  "method": "GET",
  "msg": "GET /favicon.ico 404 1.986µs",
  "path": "/favicon.ico",
  "status": 404,
  "time": "2025-06-30T18:02:25Z"
}
{
  "client_ip": "83.217.9.111",
  "errors": "",
  "hostname": "db96c81b98d6",
  "latency": 0,
  "level": "info",
  "method": "GET",
  "msg": "GET /swagger/index.html 200 146.029µs",
  "path": "/swagger/index.html",
  "status": 200,
  "time": "2025-06-30T18:02:50Z"
}
{
  "client_ip": "83.217.9.111",
  "errors": "",
  "hostname": "db96c81b98d6",
  "latency": 72,
  "level": "info",
  "method": "GET",
  "msg": "GET /swagger/swagger-ui.css 200 71.713732ms",
  "path": "/swagger/swagger-ui.css",
  "status": 200,
  "time": "2025-06-30T18:02:51Z"
}
{
  "client_ip": "83.217.9.111",
  "errors": "",
  "hostname": "db96c81b98d6",
  "latency": 343,
  "level": "info",
  "method": "GET",
  "msg": "GET /swagger/swagger-ui-bundle.js 200 343.075978ms",
  "path": "/swagger/swagger-ui-bundle.js",
  "status": 200,
  "time": "2025-06-30T18:02:51Z"
}
{
  "client_ip": "83.217.9.111",
  "errors": "",
  "hostname": "db96c81b98d6",
  "latency": 142,
  "level": "info",
  "method": "GET",
  "msg": "GET /swagger/swagger-ui-standalone-preset.js 200 141.705106ms",
  "path": "/swagger/swagger-ui-standalone-preset.js",
  "status": 200,
  "time": "2025-06-30T18:02:51Z"
}
{
  "client_ip": "83.217.9.111",
  "errors": "",
  "hostname": "db96c81b98d6",
  "latency": 0,
  "level": "info",
  "method": "GET",
  "msg": "GET /swagger/favicon-32x32.png 200 57.488µs",
  "path": "/swagger/favicon-32x32.png",
  "status": 200,
  "time": "2025-06-30T18:02:52Z"
}
{
  "client_ip": "83.217.9.111",
  "errors": "",
  "hostname": "db96c81b98d6",
  "latency": 0,
  "level": "info",
  "method": "GET",
  "msg": "GET /swagger/doc.json 200 465.925µs",
  "path": "/swagger/doc.json",
  "status": 200,
  "time": "2025-06-30T18:02:52Z"
}
{
  "client_ip": "46.242.11.95",
  "errors": "",
  "hostname": "db96c81b98d6",
  "latency": 0,
  "level": "info",
  "method": "GET",
  "msg": "GET /swagger/index.html 200 211.051µs",
  "path": "/swagger/index.html",
  "status": 200,
  "time": "2025-06-30T18:02:59Z"
}
{
  "client_ip": "46.242.11.95",
  "errors": "",
  "hostname": "db96c81b98d6",
  "latency": 18,
  "level": "info",
  "method": "GET",
  "msg": "GET /swagger/swagger-ui.css 200 17.760531ms",
  "path": "/swagger/swagger-ui.css",
  "status": 200,
  "time": "2025-06-30T18:02:59Z"
}
{
  "client_ip": "46.242.11.95",
  "errors": "",
  "hostname": "db96c81b98d6",
  "latency": 19,
  "level": "info",
  "method": "GET",
  "msg": "GET /swagger/swagger-ui-standalone-preset.js 200 19.479125ms",
  "path": "/swagger/swagger-ui-standalone-preset.js",
  "status": 200,
  "time": "2025-06-30T18:02:59Z"
}
{
  "client_ip": "46.242.11.95",
  "errors": "",
  "hostname": "db96c81b98d6",
  "latency": 35,
  "level": "info",
  "method": "GET",
  "msg": "GET /swagger/swagger-ui-bundle.js 200 35.371345ms",
  "path": "/swagger/swagger-ui-bundle.js",
  "status": 200,
  "time": "2025-06-30T18:02:59Z"
}
{
  "client_ip": "46.242.11.95",
  "errors": "",
  "hostname": "db96c81b98d6",
  "latency": 0,
  "level": "info",
  "method": "GET",
  "msg": "GET /swagger/doc.json 200 269.384µs",
  "path": "/swagger/doc.json",
  "status": 200,
  "time": "2025-06-30T18:02:59Z"
}
{
  "client_ip": "46.242.11.95",
  "errors": "",
  "hostname": "db96c81b98d6",
  "latency": 0,
  "level": "info",
  "method": "GET",
  "msg": "GET /swagger/favicon-32x32.png 200 78.08µs",
  "path": "/swagger/favicon-32x32.png",
  "status": 200,
  "time": "2025-06-30T18:02:59Z"
}
{
  "client_ip": "46.242.11.95",
  "errors": "",
  "hostname": "ccc91d0f33fb",
  "latency": 0,
  "level": "info",
  "method": "GET",
  "msg": "GET /swagger/index.html 200 291.941µs",
  "path": "/swagger/index.html",
  "status": 200,
  "time": "2025-06-30T18:03:08Z"
}
{
  "client_ip": "46.242.11.95",
  "errors": "",
  "hostname": "ccc91d0f33fb",
  "latency": 17,
  "level": "info",
  "method": "GET",
  "msg": "GET /swagger/swagger-ui.css 200 17.057908ms",
  "path": "/swagger/swagger-ui.css",
  "status": 200,
  "time": "2025-06-30T18:03:08Z"
}
{
  "client_ip": "46.242.11.95",
  "errors": "",
  "hostname": "ccc91d0f33fb",
  "latency": 18,
  "level": "info",
  "method": "GET",
  "msg": "GET /swagger/swagger-ui-standalone-preset.js 200 17.600799ms",
  "path": "/swagger/swagger-ui-standalone-preset.js",
  "status": 200,
  "time": "2025-06-30T18:03:08Z"
}
{
  "client_ip": "46.242.11.95",
  "errors": "",
  "hostname": "ccc91d0f33fb",
  "latency": 40,
  "level": "info",
  "method": "GET",
  "msg": "GET /swagger/swagger-ui-bundle.js 200 39.982114ms",
  "path": "/swagger/swagger-ui-bundle.js",
  "status": 200,
  "time": "2025-06-30T18:03:08Z"
}
{
  "client_ip": "46.242.11.95",
  "errors": "",
  "hostname": "ccc91d0f33fb",
  "latency": 0,
  "level": "info",
  "method": "GET",
  "msg": "GET /swagger/doc.json 200 429.163µs",
  "path": "/swagger/doc.json",
  "status": 200,
  "time": "2025-06-30T18:03:08Z"
}
{
  "client_ip": "46.242.11.95",
  "errors": "",
  "hostname": "ccc91d0f33fb",
  "latency": 0,
  "level": "info",
  "method": "GET",
  "msg": "GET /swagger/favicon-32x32.png 200 43.257µs",
  "path": "/swagger/favicon-32x32.png",
  "status": 200,
  "time": "2025-06-30T18:03:08Z"
}
{
  "client_ip": "46.242.11.95",
  "errors": "",
  "hostname": "1e4f92f4979e",
  "latency": 0,
  "level": "info",
  "method": "GET",
  "msg": "GET /swagger/index.html 200 341.025µs",
  "path": "/swagger/index.html",
  "status": 200,
  "time": "2025-06-30T18:03:20Z"
}
{
  "client_ip": "46.242.11.95",
  "errors": "",
  "hostname": "1e4f92f4979e",
  "latency": 16,
  "level": "info",
  "method": "GET",
  "msg": "GET /swagger/swagger-ui.css 200 15.750463ms",
  "path": "/swagger/swagger-ui.css",
  "status": 200,
  "time": "2025-06-30T18:03:20Z"
}
{
  "client_ip": "46.242.11.95",
  "errors": "",
  "hostname": "1e4f92f4979e",
  "latency": 28,
  "level": "info",
  "method": "GET",
  "msg": "GET /swagger/swagger-ui-standalone-preset.js 200 27.559561ms",
  "path": "/swagger/swagger-ui-standalone-preset.js",
  "status": 200,
  "time": "2025-06-30T18:03:20Z"
}
{
  "client_ip": "46.242.11.95",
  "errors": "",
  "hostname": "1e4f92f4979e",
  "latency": 40,
  "level": "info",
  "method": "GET",
  "msg": "GET /swagger/swagger-ui-bundle.js 200 40.17775ms",
  "path": "/swagger/swagger-ui-bundle.js",
  "status": 200,
  "time": "2025-06-30T18:03:20Z"
}
{
  "client_ip": "46.242.11.95",
  "errors": "",
  "hostname": "1e4f92f4979e",
  "latency": 0,
  "level": "info",
  "method": "GET",
  "msg": "GET /swagger/doc.json 200 423.599µs",
  "path": "/swagger/doc.json",
  "status": 200,
  "time": "2025-06-30T18:03:20Z"
}
{
  "client_ip": "46.242.11.95",
  "errors": "",
  "hostname": "1e4f92f4979e",
  "latency": 0,
  "level": "info",
  "method": "GET",
  "msg": "GET /swagger/favicon-32x32.png 200 48.256µs",
  "path": "/swagger/favicon-32x32.png",
  "status": 200,
  "time": "2025-06-30T18:03:20Z"
}
{
  "level": "info",
  "msg": "Запуск сервера",
  "port": "8080",
  "time": "2025-06-30T18:05:24Z"
}
{
  "level": "info",
  "msg": "Запуск сервера",
  "port": "8080",
  "time": "2025-06-30T18:05:24Z"
}
{
  "level": "info",
  "msg": "Запуск сервера",
  "port": "8080",
  "time": "2025-06-30T18:05:24Z"
}
{
  "client_ip": "46.242.11.95",
  "errors": "",
  "hostname": "19d0a6a8f1cd",
  "latency": 1,
  "level": "info",
  "method": "GET",
  "msg": "GET /swagger/index.html 200 1.273861ms",
  "path": "/swagger/index.html",
  "status": 200,
  "time": "2025-06-30T18:05:29Z"
}
{
  "client_ip": "46.242.11.95",
  "errors": "",
  "hostname": "19d0a6a8f1cd",
  "latency": 13,
  "level": "info",
  "method": "GET",
  "msg": "GET /swagger/swagger-ui.css 200 12.933801ms",
  "path": "/swagger/swagger-ui.css",
  "status": 200,
  "time": "2025-06-30T18:05:29Z"
}
{
  "client_ip": "46.242.11.95",
  "errors": "",
  "hostname": "19d0a6a8f1cd",
  "latency": 28,
  "level": "info",
  "method": "GET",
  "msg": "GET /swagger/swagger-ui-standalone-preset.js 200 27.752339ms",
  "path": "/swagger/swagger-ui-standalone-preset.js",
  "status": 200,
  "time": "2025-06-30T18:05:29Z"
}
{
  "client_ip": "46.242.11.95",
  "errors": "",
  "hostname": "19d0a6a8f1cd",
  "latency": 45,
  "level": "info",
  "method": "GET",
  "msg": "GET /swagger/swagger-ui-bundle.js 200 44.554097ms",
  "path": "/swagger/swagger-ui-bundle.js",
  "status": 200,
  "time": "2025-06-30T18:05:29Z"
}
{
  "client_ip": "46.242.11.95",
  "errors": "",
  "hostname": "19d0a6a8f1cd",
  "latency": 0,
  "level": "info",
  "method": "GET",
  "msg": "GET /swagger/doc.json 200 396.169µs",
  "path": "/swagger/doc.json",
  "status": 200,
  "time": "2025-06-30T18:05:29Z"
}
{
  "client_ip": "46.242.11.95",
  "errors": "",
  "hostname": "19d0a6a8f1cd",
  "latency": 0,
  "level": "info",
  "method": "GET",
  "msg": "GET /swagger/favicon-32x32.png 200 66.356µs",
  "path": "/swagger/favicon-32x32.png",
  "status": 200,
  "time": "2025-06-30T18:05:29Z"
}
{
  "level": "info",
  "msg": "Запуск сервера",
  "port": "8080",
  "time": "2025-06-30T18:10:55Z"
}
{
  "level": "info",
  "msg": "Запуск сервера",
  "port": "8080",
  "time": "2025-06-30T18:10:55Z"
}
{
  "level": "info",
  "msg": "Запуск сервера",
  "port": "8080",
  "time": "2025-06-30T18:10:55Z"
}
{
  "client_ip": "46.242.11.95",
  "errors": "",
  "hostname": "930175b4c9b4",
  "latency": 0,
  "level": "info",
  "method": "GET",
  "msg": "GET /swagger/index.html 200 334.971µs",
  "path": "/swagger/index.html",
  "status": 200,
  "time": "2025-06-30T18:11:01Z"
}
{
  "client_ip": "46.242.11.95",
  "errors": "",
  "hostname": "930175b4c9b4",
  "latency": 20,
  "level": "info",
  "method": "GET",
  "msg": "GET /swagger/swagger-ui.css 200 19.791878ms",
  "path": "/swagger/swagger-ui.css",
  "status": 200,
  "time": "2025-06-30T18:11:01Z"
}
{
  "client_ip": "46.242.11.95",
  "errors": "",
  "hostname": "930175b4c9b4",
  "latency": 16,
  "level": "info",
  "method": "GET",
  "msg": "GET /swagger/swagger-ui-standalone-preset.js 200 15.52998ms",
  "path": "/swagger/swagger-ui-standalone-preset.js",
  "status": 200,
  "time": "2025-06-30T18:11:01Z"
}
{
  "client_ip": "46.242.11.95",
  "errors": "",
  "hostname": "930175b4c9b4",
  "latency": 49,
  "level": "info",
  "method": "GET",
  "msg": "GET /swagger/swagger-ui-bundle.js 200 48.574696ms",
  "path": "/swagger/swagger-ui-bundle.js",
  "status": 200,
  "time": "2025-06-30T18:11:01Z"
}
{
  "client_ip": "46.242.11.95",
  "errors": "",
  "hostname": "930175b4c9b4",
  "latency": 0,
  "level": "info",
  "method": "GET",
  "msg": "GET /swagger/doc.json 200 413.328µs",
  "path": "/swagger/doc.json",
  "status": 200,
  "time": "2025-06-30T18:11:01Z"
}
{
  "client_ip": "46.242.11.95",
  "errors": "",
  "hostname": "930175b4c9b4",
  "latency": 0,
  "level": "info",
  "method": "GET",
  "msg": "GET /swagger/favicon-32x32.png 200 73.008µs",
  "path": "/swagger/favicon-32x32.png",
  "status": 200,
  "time": "2025-06-30T18:11:01Z"
}
{
  "client_ip": "46.242.11.95",
  "errors": "",
  "hostname": "7c36ebeb52ad",
  "latency": 2,
  "level": "info",
  "method": "GET",
  "msg": "GET /api/books 200 1.958983ms",
  "path": "/api/books",
  "status": 200,
  "time": "2025-06-30T18:11:34Z"
}
{
  "client_ip": "46.242.11.95",
  "errors": "",
  "hostname": "930175b4c9b4",
  "latency": 1,
  "level": "info",
  "method": "GET",
  "msg": "GET /api/books 200 1.078821ms",
  "path": "/api/books",
  "status": 200,
  "time": "2025-06-30T18:11:39Z"
}
{
  "client_ip": "46.242.11.95",
  "errors": "",
  "hostname": "930175b4c9b4",
  "latency": 0,
  "level": "info",
  "method": "GET",
  "msg": "GET /swagger/index.html 200 94.837µs",
  "path": "/swagger/index.html",
  "status": 200,
  "time": "2025-06-30T18:11:49Z"
}
{
  "client_ip": "46.242.11.95",
  "errors": "",
  "hostname": "930175b4c9b4",
  "latency": 0,
  "level": "info",
  "method": "GET",
  "msg": "GET /swagger/swagger-ui-bundle.js 304 37.931µs",
  "path": "/swagger/swagger-ui-bundle.js",
  "status": 304,
  "time": "2025-06-30T18:11:49Z"
}
{
  "client_ip": "46.242.11.95",
  "errors": "",
  "hostname": "930175b4c9b4",
  "latency": 0,
  "level": "info",
  "method": "GET",
  "msg": "GET /swagger/swagger-ui-standalone-preset.js 304 18.983µs",
  "path": "/swagger/swagger-ui-standalone-preset.js",
  "status": 304,
  "time": "2025-06-30T18:11:49Z"
}
{
  "client_ip": "46.242.11.95",
  "errors": "",
  "hostname": "930175b4c9b4",
  "latency": 0,
  "level": "info",
  "method": "GET",
  "msg": "GET /swagger/swagger-ui.css 304 27.4µs",
  "path": "/swagger/swagger-ui.css",
  "status": 304,
  "time": "2025-06-30T18:11:49Z"
}
{
  "client_ip": "46.242.11.95",
  "errors": "",
  "hostname": "930175b4c9b4",
  "latency": 0,
  "level": "info",
  "method": "GET",
  "msg": "GET /swagger/doc.json 200 421.779µs",
  "path": "/swagger/doc.json",
  "status": 200,
  "time": "2025-06-30T18:11:49Z"
}
{
  "client_ip": "46.242.11.95",
  "errors": "",
  "hostname": "930175b4c9b4",
  "latency": 0,
  "level": "info",
  "method": "GET",
  "msg": "GET /swagger/favicon-32x32.png 304 29.597µs",
  "path": "/swagger/favicon-32x32.png",
  "status": 304,
  "time": "2025-06-30T18:11:49Z"
}
{
  "client_ip": "46.242.11.95",
  "errors": "",
  "hostname": "3d0ea1ead537",
  "latency": 0,
  "level": "info",
  "method": "GET",
  "msg": "GET /swagger/index.html 200 317.734µs",
  "path": "/swagger/index.html",
  "status": 200,
  "time": "2025-06-30T18:11:55Z"
}
{
  "client_ip": "46.242.11.95",
  "errors": "",
  "hostname": "7c36ebeb52ad",
  "latency": 0,
  "level": "info",
  "method": "GET",
  "msg": "GET /swagger/swagger-ui.css 200 360.251µs",
  "path": "/swagger/swagger-ui.css",
  "status": 200,
  "time": "2025-06-30T18:11:55Z"
}
{
  "client_ip": "46.242.11.95",
  "errors": "",
  "hostname": "930175b4c9b4",
  "latency": 1,
  "level": "info",
  "method": "GET",
  "msg": "GET /swagger/swagger-ui-standalone-preset.js 200 1.068302ms",
  "path": "/swagger/swagger-ui-standalone-preset.js",
  "status": 200,
  "time": "2025-06-30T18:11:55Z"
}
{
  "client_ip": "46.242.11.95",
  "errors": "",
  "hostname": "3d0ea1ead537",
  "latency": 2,
  "level": "info",
  "method": "GET",
  "msg": "GET /swagger/swagger-ui-bundle.js 200 1.527656ms",
  "path": "/swagger/swagger-ui-bundle.js",
  "status": 200,
  "time": "2025-06-30T18:11:55Z"
}
{
  "client_ip": "46.242.11.95",
  "errors": "",
  "hostname": "3d0ea1ead537",
  "latency": 0,
  "level": "info",
  "method": "GET",
  "msg": "GET /swagger/doc.json 200 300.244µs",
  "path": "/swagger/doc.json",
  "status": 200,
  "time": "2025-06-30T18:11:55Z"
}
{
  "client_ip": "46.242.11.95",
  "errors": "",
  "hostname": "7c36ebeb52ad",
  "latency": 0,
  "level": "warning",
  "method": "POST",
  "msg": "POST /api/books 400 142.502µs",
  "path": "/api/books",
  "status": 400,
  "time": "2025-06-30T18:11:59Z"
}
{
  "client_ip": "46.242.11.95",
  "errors": "",
  "hostname": "930175b4c9b4",
  "latency": 14,
  "level": "info",
  "method": "POST",
  "msg": "POST /api/books 201 14.367223ms",
  "path": "/api/books",
  "status": 201,
  "time": "2025-06-30T18:12:25Z"
}
{
  "client_ip": "46.242.11.95",
  "errors": "",
  "hostname": "3d0ea1ead537",
  "latency": 3,
  "level": "error",
  "method": "POST",
  "msg": "POST /api/books 500 2.932448ms",
  "path": "/api/books",
  "status": 500,
  "time": "2025-06-30T18:12:26Z"
}
{
  "client_ip": "46.242.11.95",
  "errors": "",
  "hostname": "7c36ebeb52ad",
  "latency": 2,
  "level": "error",
  "method": "POST",
  "msg": "POST /api/books 500 1.868724ms",
  "path": "/api/books",
  "status": 500,
  "time": "2025-06-30T18:12:26Z"
}
{
  "client_ip": "46.242.11.95",
  "errors": "",
  "hostname": "930175b4c9b4",
  "latency": 1,
  "level": "info",
  "method": "GET",
  "msg": "GET /api/books 200 699.752µs",
  "path": "/api/books",
  "status": 200,
  "time": "2025-06-30T18:12:29Z"
}
{
  "client_ip": "46.242.11.95",
  "errors": "",
  "hostname": "3d0ea1ead537",
  "latency": 1,
  "level": "info",
  "method": "GET",
  "msg": "GET /api/books 200 1.074827ms",
  "path": "/api/books",
  "status": 200,
  "time": "2025-06-30T18:12:30Z"
}
{
  "client_ip": "185.225.35.180",
  "errors": "",
  "hostname": "7c36ebeb52ad",
  "latency": 0,
  "level": "warning",
  "method": "HEAD",
  "msg": "HEAD /api/books 404 1.717µs",
  "path": "/api/books",
  "status": 404,
  "time": "2025-06-30T18:15:07Z"
}
{
  "client_ip": "185.225.35.180",
  "errors": "",
  "hostname": "930175b4c9b4",
  "latency": 0,
  "level": "warning",
  "method": "HEAD",
  "msg": "HEAD /api/books 404 1.582µs",
  "path": "/api/books",
  "status": 404,
  "time": "2025-06-30T18:15:07Z"
}
{
  "client_ip": "185.225.35.180",
  "errors": "",
  "hostname": "3d0ea1ead537",
  "latency": 0,
  "level": "warning",
  "method": "HEAD",
  "msg": "HEAD /api/books 404 2.252µs",
  "path": "/api/books",
  "status": 404,
  "time": "2025-06-30T18:15:07Z"
}
{
  "client_ip": "185.225.35.180",
  "errors": "",
  "hostname": "7c36ebeb52ad",
  "latency": 0,
  "level": "warning",
  "method": "HEAD",
  "msg": "HEAD /api/books 404 1.908µs",
  "path": "/api/books",
  "status": 404,
  "time": "2025-06-30T18:15:07Z"
}
{
  "client_ip": "185.225.35.180",
  "errors": "",
  "hostname": "930175b4c9b4",
  "latency": 0,
  "level": "warning",
  "method": "HEAD",
  "msg": "HEAD /api/books 404 1.524µs",
  "path": "/api/books",
  "status": 404,
  "time": "2025-06-30T18:15:07Z"
}
{
  "client_ip": "185.225.35.180",
  "errors": "",
  "hostname": "3d0ea1ead537",
  "latency": 0,
  "level": "warning",
  "method": "HEAD",
  "msg": "HEAD /api/books 404 2.125µs",
  "path": "/api/books",
  "status": 404,
  "time": "2025-06-30T18:15:08Z"
}
{
  "client_ip": "185.225.35.180",
  "errors": "",
  "hostname": "7c36ebeb52ad",
  "latency": 0,
  "level": "warning",
  "method": "HEAD",
  "msg": "HEAD /api/books 404 1.553µs",
  "path": "/api/books",
  "status": 404,
  "time": "2025-06-30T18:15:08Z"
}
{
  "client_ip": "185.225.35.180",
  "errors": "",
  "hostname": "930175b4c9b4",
  "latency": 0,
  "level": "warning",
  "method": "HEAD",
  "msg": "HEAD /api/books 404 1.847µs",
  "path": "/api/books",
  "status": 404,
  "time": "2025-06-30T18:15:08Z"
}
{
  "client_ip": "185.225.35.180",
  "errors": "",
  "hostname": "3d0ea1ead537",
  "latency": 0,
  "level": "warning",
  "method": "HEAD",
  "msg": "HEAD /api/books 404 2.262µs",
  "path": "/api/books",
  "status": 404,
  "time": "2025-06-30T18:15:08Z"
}
{
  "client_ip": "185.225.35.180",
  "errors": "",
  "hostname": "7c36ebeb52ad",
  "latency": 0,
  "level": "warning",
  "method": "HEAD",
  "msg": "HEAD /api/books 404 2.091µs",
  "path": "/api/books",
  "status": 404,
  "time": "2025-06-30T18:15:08Z"
}
{
  "client_ip": "188.232.40.190",
  "errors": "",
  "hostname": "7c36ebeb52ad",
  "latency": 0,
  "level": "warning",
  "method": "GET",
  "msg": "GET / 404 1.402µs",
  "path": "/",
  "status": 404,
  "time": "2025-06-30T18:21:44Z"
}
{
  "client_ip": "188.232.40.190",
  "errors": "",
  "hostname": "930175b4c9b4",
  "latency": 0,
  "level": "warning",
  "method": "GET",
  "msg": "GET / 404 1.5µs",
  "path": "/",
  "status": 404,
  "time": "2025-06-30T18:21:44Z"
}
{
  "client_ip": "149.86.227.49",
  "errors": "",
  "hostname": "7c36ebeb52ad",
  "latency": 0,
  "level": "warning",
  "method": "GET",
  "msg": "GET / 404 1.484µs",
  "path": "/",
  "status": 404,
  "time": "2025-06-30T18:26:31Z"
}
